

                             _   _
                            (_) | |
      __ _   _ __   __   __  _  | |
     / _` | | '_ \  \ \ / / | | | |
    | (_| | | | | |  \ V /  | | | |
     \__,_| |_| |_|   \_/   |_| |_|

    0.2.0 (2559899 2024-10-25T00:22:15.633229410Z)
    https://github.com/foundry-rs/foundry

Available Accounts
==================

(0) 0xf39Fd6e51aad88F6F4ce6aB8827279cffFb92266 (10000.000000000000000000 ETH)
(1) 0x70997970C51812dc3A010C7d01b50e0d17dc79C8 (10000.000000000000000000 ETH)
(2) 0x3C44CdDdB6a900fa2b585dd299e03d12FA4293BC (10000.000000000000000000 ETH)
(3) 0x90F79bf6EB2c4f870365E785982E1f101E93b906 (10000.000000000000000000 ETH)
(4) 0x15d34AAf54267DB7D7c367839AAf71A00a2C6A65 (10000.000000000000000000 ETH)
(5) 0x9965507D1a55bcC2695C58ba16FB37d819B0A4dc (10000.000000000000000000 ETH)
(6) 0x976EA74026E726554dB657fA54763abd0C3a0aa9 (10000.000000000000000000 ETH)
(7) 0x14dC79964da2C08b23698B3D3cc7Ca32193d9955 (10000.000000000000000000 ETH)
(8) 0x23618e81E3f5cdF7f54C3d65f7FBc0aBf5B21E8f (10000.000000000000000000 ETH)
(9) 0xa0Ee7A142d267C1f36714E4a8F75612F20a79720 (10000.000000000000000000 ETH)

Private Keys
==================

(0) 0xac0974bec39a17e36ba4a6b4d238ff944bacb478cbed5efcae784d7bf4f2ff80
(1) 0x59c6995e998f97a5a0044966f0945389dc9e86dae88c7a8412f4603b6b78690d
(2) 0x5de4111afa1a4b94908f83103eb1f1706367c2e68ca870fc3fb9a804cdab365a
(3) 0x7c852118294e51e653712a81e05800f419141751be58f605c371e15141b007a6
(4) 0x47e179ec197488593b187f80a00eb0da91f1b9d0b13f8733639f19c30a34926a
(5) 0x8b3a350cf5c34c9194ca85829a2df0ec3153be0318b5e2d3348e872092edffba
(6) 0x92db14e403b83dfe3df233f83dfa3a0d7096f21ca9b0d6d6b8d88b2b4ec1564e
(7) 0x4bbbf85ce3377467afe5d46f804f221813b2bb87f24d81f60f1fcdbf7cbf4356
(8) 0xdbda1821b80551c9d65939329250298aa3472ba22feea921c0cf5d620ea67b97
(9) 0x2a871d0798f97d79848a013d4936a73bf4cc922c825d33c1cf7073dff6d409c6

Wallet
==================
Mnemonic:          test test test test test test test test test test test junk
Derivation path:   m/44'/60'/0'/0/


Chain ID
==================

901

Base Fee
==================

1000000000

Gas Limit
==================

30000000

Genesis Timestamp
==================

1732215287

Listening on 127.0.0.1:45067
evm_setIntervalMining
debug_traceCall
eth_sendRawTransaction
eth_getTransactionReceipt
eth_getTransactionReceipt
eth_getTransactionReceipt
eth_getTransactionReceipt
eth_getTransactionReceipt
eth_getTransactionReceipt
eth_getTransactionReceipt
eth_getTransactionReceipt
eth_getTransactionReceipt
eth_getTransactionReceipt
eth_getTransactionReceipt
eth_getTransactionReceipt
eth_getTransactionReceipt
eth_getTransactionReceipt
eth_getTransactionReceipt
eth_getTransactionReceipt
eth_getTransactionReceipt
eth_getTransactionReceipt
eth_getTransactionReceipt
eth_getTransactionReceipt
eth_getTransactionReceipt
eth_getTransactionReceipt
eth_getTransactionReceipt
eth_getTransactionReceipt
eth_getTransactionReceipt
eth_getTransactionReceipt
eth_getTransactionReceipt
eth_getTransactionReceipt
eth_getTransactionReceipt
eth_getTransactionReceipt
eth_getTransactionReceipt
eth_getTransactionReceipt
eth_getTransactionReceipt
eth_getTransactionReceipt
eth_getTransactionReceipt
eth_getTransactionReceipt
eth_getTransactionReceipt
eth_getTransactionReceipt
eth_getTransactionReceipt
eth_getTransactionReceipt
eth_getTransactionReceipt
eth_getTransactionReceipt
eth_getTransactionReceipt
eth_getTransactionReceipt
eth_getTransactionReceipt
eth_getTransactionReceipt
eth_getTransactionReceipt
eth_getTransactionReceipt
eth_getTransactionReceipt
eth_getTransactionReceipt
eth_getTransactionReceipt
eth_getTransactionReceipt
eth_getTransactionReceipt
eth_getTransactionReceipt
eth_getTransactionReceipt
eth_getTransactionReceipt
eth_getTransactionReceipt
eth_getTransactionReceipt
eth_getTransactionReceipt
eth_getTransactionReceipt
eth_getTransactionReceipt
eth_getTransactionReceipt
eth_getTransactionReceipt
eth_getTransactionReceipt
eth_getTransactionReceipt
eth_getTransactionReceipt
eth_getTransactionReceipt
eth_getTransactionReceipt
eth_getTransactionReceipt
eth_getTransactionReceipt
eth_getTransactionReceipt
eth_getTransactionReceipt
eth_getTransactionReceipt
eth_getTransactionReceipt
eth_getTransactionReceipt
eth_getTransactionReceipt
eth_getTransactionReceipt
eth_getTransactionReceipt
eth_getTransactionReceipt
eth_getTransactionReceipt
eth_getTransactionReceipt
eth_getTransactionReceipt
eth_getTransactionReceipt
eth_getTransactionReceipt
eth_getTransactionReceipt
eth_getTransactionReceipt
eth_getTransactionReceipt
eth_getTransactionReceipt
eth_getTransactionReceipt
eth_getTransactionReceipt
eth_getTransactionReceipt
eth_getTransactionReceipt
eth_getTransactionReceipt
eth_getTransactionReceipt
eth_getTransactionReceipt
eth_getTransactionReceipt
eth_getTransactionReceipt
eth_getTransactionReceipt

eth_getTransactionReceipt
    Transaction: 0x145c7481b308c57a8d7fceeb3dd98e0663cf973443d75cbae7f2a718aaf2df53
    Gas used: 95774

    Block Number: 1
    Block Hash: 0x8971452bb5e1dcee6697c67b0e9ee9bf98f0b6ff5212f2d6a9cb3d3d00ea2b1d
    Block Time: "Thu, 21 Nov 2024 18:54:50 +0000"

eth_getTransactionReceipt

    Block Number: 2
    Block Hash: 0x7cfdb47b52b9e63d82b6d7f8b0d1f1111d463d9fe6e774bd5280adc3bd06fc54
    Block Time: "Thu, 21 Nov 2024 18:54:52 +0000"


    Block Number: 3
    Block Hash: 0x70807ed64a0c7bd3022124082a4b8eede16ee36456a6c2e7196ade7ce528a304
    Block Time: "Thu, 21 Nov 2024 18:54:54 +0000"


    Block Number: 4
    Block Hash: 0x2744622ad5fd325ccc044581ed18eea22fb7fdc77dd62b477b1268c291c26bb9
    Block Time: "Thu, 21 Nov 2024 18:54:56 +0000"


    Block Number: 5
    Block Hash: 0xce760be8c3f6d1ef62fb0feec8ff912b8a461f6ac1325bea6a597a0b865f6e99
    Block Time: "Thu, 21 Nov 2024 18:54:58 +0000"


    Block Number: 6
    Block Hash: 0x5c5284c250e7e68ccbd30022f2599a5e79887e4662b61a6a4b4c6734d2b6eed9
    Block Time: "Thu, 21 Nov 2024 18:55:00 +0000"


    Block Number: 7
    Block Hash: 0x5d7dc890d9cf2c227a9dfcabdc46fa2c1468cb65a6d53ad58eec1d957d4855e1
    Block Time: "Thu, 21 Nov 2024 18:55:02 +0000"


    Block Number: 8
    Block Hash: 0xe83782da2707c62b518231d174798efb37d51508a928434365efe0f8a3a357e8
    Block Time: "Thu, 21 Nov 2024 18:55:04 +0000"


    Block Number: 9
    Block Hash: 0x422aee9776fc7ad32457ab4a8526868b2223945dbd2f1a14a22ea1bf476e6647
    Block Time: "Thu, 21 Nov 2024 18:55:06 +0000"


    Block Number: 10
    Block Hash: 0xed338b4786eb0a7db096b79a27e8fd4b0880625a1fee2e27e9ee97ecf8cf2154
    Block Time: "Thu, 21 Nov 2024 18:55:08 +0000"


    Block Number: 11
    Block Hash: 0x5cfe5be68a2b4d101fa9b28c5c0f2bef9808779c1a52a3d5e750417c8be7517b
    Block Time: "Thu, 21 Nov 2024 18:55:10 +0000"


    Block Number: 12
    Block Hash: 0x032c5e23f47b79d1f903e541bcc62ecf38d73fc9e54493ee545e8c92ffe398ec
    Block Time: "Thu, 21 Nov 2024 18:55:12 +0000"


    Block Number: 13
    Block Hash: 0xb6b55dd9fce95d56935feca85ac93b0638596d431d38d166cfcf479c50c2746c
    Block Time: "Thu, 21 Nov 2024 18:55:14 +0000"


    Block Number: 14
    Block Hash: 0xef8a59ac36bae37e15acb44886355bb529e87267ef71d529144430fbde2b98a1
    Block Time: "Thu, 21 Nov 2024 18:55:16 +0000"


    Block Number: 15
    Block Hash: 0xbdb3cd58a3d2bcfc4793517e88f82a892c4e8a4da06c4a5c89c0377999a855c5
    Block Time: "Thu, 21 Nov 2024 18:55:18 +0000"


    Block Number: 16
    Block Hash: 0x6cae14e47150731426ef26c2394d1011d25fe54cf98f3ba10e215c8841b4a482
    Block Time: "Thu, 21 Nov 2024 18:55:20 +0000"


    Block Number: 17
    Block Hash: 0x5b6e9926b66e47eeb381c108a9b0673f19c79e6a52fb0db8533871b864531e11
    Block Time: "Thu, 21 Nov 2024 18:55:22 +0000"

