

                             _   _
                            (_) | |
      __ _   _ __   __   __  _  | |
     / _` | | '_ \  \ \ / / | | | |
    | (_| | | | | |  \ V /  | | | |
     \__,_| |_| |_|   \_/   |_| |_|

    0.2.0 (2559899 2024-10-25T00:22:15.633229410Z)
    https://github.com/foundry-rs/foundry

Available Accounts
==================

(0) 0xf39Fd6e51aad88F6F4ce6aB8827279cffFb92266 (10000.000000000000000000 ETH)
(1) 0x70997970C51812dc3A010C7d01b50e0d17dc79C8 (10000.000000000000000000 ETH)
(2) 0x3C44CdDdB6a900fa2b585dd299e03d12FA4293BC (10000.000000000000000000 ETH)
(3) 0x90F79bf6EB2c4f870365E785982E1f101E93b906 (10000.000000000000000000 ETH)
(4) 0x15d34AAf54267DB7D7c367839AAf71A00a2C6A65 (10000.000000000000000000 ETH)
(5) 0x9965507D1a55bcC2695C58ba16FB37d819B0A4dc (10000.000000000000000000 ETH)
(6) 0x976EA74026E726554dB657fA54763abd0C3a0aa9 (10000.000000000000000000 ETH)
(7) 0x14dC79964da2C08b23698B3D3cc7Ca32193d9955 (10000.000000000000000000 ETH)
(8) 0x23618e81E3f5cdF7f54C3d65f7FBc0aBf5B21E8f (10000.000000000000000000 ETH)
(9) 0xa0Ee7A142d267C1f36714E4a8F75612F20a79720 (10000.000000000000000000 ETH)

Private Keys
==================

(0) 0xac0974bec39a17e36ba4a6b4d238ff944bacb478cbed5efcae784d7bf4f2ff80
(1) 0x59c6995e998f97a5a0044966f0945389dc9e86dae88c7a8412f4603b6b78690d
(2) 0x5de4111afa1a4b94908f83103eb1f1706367c2e68ca870fc3fb9a804cdab365a
(3) 0x7c852118294e51e653712a81e05800f419141751be58f605c371e15141b007a6
(4) 0x47e179ec197488593b187f80a00eb0da91f1b9d0b13f8733639f19c30a34926a
(5) 0x8b3a350cf5c34c9194ca85829a2df0ec3153be0318b5e2d3348e872092edffba
(6) 0x92db14e403b83dfe3df233f83dfa3a0d7096f21ca9b0d6d6b8d88b2b4ec1564e
(7) 0x4bbbf85ce3377467afe5d46f804f221813b2bb87f24d81f60f1fcdbf7cbf4356
(8) 0xdbda1821b80551c9d65939329250298aa3472ba22feea921c0cf5d620ea67b97
(9) 0x2a871d0798f97d79848a013d4936a73bf4cc922c825d33c1cf7073dff6d409c6

Wallet
==================
Mnemonic:          test test test test test test test test test test test junk
Derivation path:   m/44'/60'/0'/0/


Chain ID
==================

900

Base Fee
==================

1000000000

Gas Limit
==================

30000000

Genesis Timestamp
==================

1732215287

Listening on 127.0.0.1:8545
evm_setIntervalMining

    Block Number: 1
    Block Hash: 0xd07ea42c4dbe7aff804862c7ca064dcd8abbfdd9adfe4708c535ec374f0ce149
    Block Time: "Thu, 21 Nov 2024 18:54:50 +0000"


    Block Number: 2
    Block Hash: 0xb9de1d2f9d1f1c5a98f61c98343f986ba44b743f468ea93a3da0ba29b01bc89f
    Block Time: "Thu, 21 Nov 2024 18:54:52 +0000"


    Block Number: 3
    Block Hash: 0x029f4c5f0648d4e6f7d2cbce4ab6d831d5b4016cf3358dc524e5e91807c7dd80
    Block Time: "Thu, 21 Nov 2024 18:54:54 +0000"


    Block Number: 4
    Block Hash: 0x68a86bb6ebf46edd416a3bf6e68e6e3417a580ec802471ce03762069e1f8de11
    Block Time: "Thu, 21 Nov 2024 18:54:56 +0000"


    Block Number: 5
    Block Hash: 0x53b060236bc3c3e8aad752bdd795a6ec1f0ac05ed6e15bed99c09fee544e94de
    Block Time: "Thu, 21 Nov 2024 18:54:58 +0000"


    Block Number: 6
    Block Hash: 0xc8a8a967f858283e31e15c1478c5c1a4117e44b722baa7eead3adcd658167dc8
    Block Time: "Thu, 21 Nov 2024 18:55:00 +0000"


    Block Number: 7
    Block Hash: 0xbe9de78ec3ab3e532143d2f48c9b5ee36adce0314168de597e5d65e884eac039
    Block Time: "Thu, 21 Nov 2024 18:55:02 +0000"


    Block Number: 8
    Block Hash: 0x0d6239b90aced84b2ab5cd2ea4485affc0ccff8ff13979526a357c31ac7a00ad
    Block Time: "Thu, 21 Nov 2024 18:55:04 +0000"


    Block Number: 9
    Block Hash: 0xaefae7d8df4934a0a8a71b3a791d7b0d4336e06e778eee9d371236916f98d753
    Block Time: "Thu, 21 Nov 2024 18:55:06 +0000"


    Block Number: 10
    Block Hash: 0xe096f146252da28997d77c587dcc4b9dc33723118b2084b7b58d75ab76fad973
    Block Time: "Thu, 21 Nov 2024 18:55:08 +0000"


    Block Number: 11
    Block Hash: 0xf619e92827ac223bd4df5a7b531bf3512c120b066021fcf681822a304562a195
    Block Time: "Thu, 21 Nov 2024 18:55:10 +0000"


    Block Number: 12
    Block Hash: 0x4c768222fd583c2c081b3b9abb4a962bfbe01d40efcb2e04e3c20c2b4b5bbdb9
    Block Time: "Thu, 21 Nov 2024 18:55:12 +0000"


    Block Number: 13
    Block Hash: 0x216907d2ac7fdcbf566d31540e0e9374ea4a7361fdf7803c84cb5d23a9ea55d3
    Block Time: "Thu, 21 Nov 2024 18:55:14 +0000"


    Block Number: 14
    Block Hash: 0x5c87ff7e327b247d5fd21b0aa094b0a37850f0985ace71502b1f7a57e3409bdd
    Block Time: "Thu, 21 Nov 2024 18:55:16 +0000"


    Block Number: 15
    Block Hash: 0xf289c69653893c058517ac0d5306ee9dc58c5cdf6f02fbc2ac4c46caee3e51d1
    Block Time: "Thu, 21 Nov 2024 18:55:18 +0000"


    Block Number: 16
    Block Hash: 0xbff8c8fdc41cd05492605db655cf11ddea627048ccf537b4d56c26556fdb7f13
    Block Time: "Thu, 21 Nov 2024 18:55:20 +0000"


    Block Number: 17
    Block Hash: 0x00573f3735d36f3452f4518527f2835c88006d61b1a903606ec14efbe46cd58c
    Block Time: "Thu, 21 Nov 2024 18:55:22 +0000"

